Arguments: 
  /usr/local/bin/node /usr/local/bin/yarn add vsce@latest global

PATH: 
  /usr/local/bin:/usr/bin:/bin:/usr/sbin:/sbin:/usr/local/share/dotnet:~/.dotnet/tools

Yarn version: 
  1.13.0

Node version: 
  12.2.0

Platform: 
  darwin x64

Trace: 
  Error: ENOENT: no such file or directory, copyfile '/usr/local/share/Library/Caches/Yarn/v4/npm-strip-ansi-3.0.1-6a385fb8853d952d5ff05d0e8aaf94278dc63dcf/node_modules/strip-ansi/index.js' -> '/Users/liqiang/Documents/Git/YNW/ynw-vscode-plugin/node_modules/babel-code-frame/node_modules/strip-ansi/index.js'

npm manifest: 
  {
    "name": "ynw",
    "displayName": "ynw",
    "description": "Some Tool for YNW",
    "version": "0.9.3",
    "publisher": "liqiang0335",
    "author": "liqiang0335 <liqiang0335@gmail.com>",
    "bugs": {
      "url": "https://github.com/liqiang0335/ynw-vscode-plugin/issues",
      "email": "liqiang0335@gmail.com"
    },
    "repository": {
      "type": "git",
      "url": "https://github.com/liqiang0335/ynw-vscode-plugin.git"
    },
    "engines": {
      "vscode": "^1.28.0"
    },
    "categories": [
      "Other"
    ],
    "icon": "icon.jpg",
    "keywords": [
      "ynw"
    ],
    "activationEvents": [
      "onCommand:ynw.copyName",
      "onCommand:ynw.fastInput",
      "onCommand:ynw.importModule",
      "onCommand:ynw.requireModule",
      "onCommand:ynw.relavePath",
      "onCommand:ynw.createSameNameFile",
      "onCommand:ynw.webpackBuild.dev",
      "onCommand:ynw.webpackBuild.hot",
      "onCommand:ynw.webpackBuild.pro"
    ],
    "main": "./src/extension",
    "contributes": {
      "configuration": {
        "type": "object",
        "title": "ynw",
        "properties": {
          "ynw.styleFileType": {
            "description": "创建同名样式文件",
            "type": "string",
            "default": "scss",
            "enum": [
              "css",
              "scss",
              "module.scss",
              "style.js",
              "less"
            ]
          },
          "ynw.scriptFileType": {
            "description": "创建同名JS文件",
            "type": "string",
            "default": "js",
            "enum": [
              "js",
              "jsx",
              "ts"
            ]
          }
        }
      },
      "commands": [
        {
          "command": "ynw.importModule",
          "title": "导入文件-import"
        },
        {
          "command": "ynw.requireModule",
          "title": "导入文件-require"
        },
        {
          "command": "ynw.relavePath",
          "title": "复制相对路径"
        },
        {
          "command": "ynw.createSameNameFile",
          "title": "创建同名文件"
        },
        {
          "command": "ynw.webpackBuild.dev",
          "title": "ynw-cli >> 开发环境"
        },
        {
          "command": "ynw.webpackBuild.hot",
          "title": "ynw-cli >> 热更新模式"
        },
        {
          "command": "ynw.webpackBuild.pro",
          "title": "ynw-cli >> 生产环境"
        }
      ],
      "keybindings": [
        {
          "command": "ynw.copyName",
          "key": "ctrl+o ctrl+o"
        },
        {
          "command": "ynw.fastInput",
          "key": "ctrl+y ctrl+h"
        },
        {
          "command": "ynw.createSameNameFile",
          "key": "ctrl+y ctrl+s"
        }
      ],
      "menus": {
        "editor/context": [],
        "explorer/context": [
          {
            "command": "ynw.importModule",
            "group": "a1@1"
          },
          {
            "command": "ynw.requireModule",
            "group": "a1@1"
          },
          {
            "command": "ynw.relavePath",
            "group": "a1@2"
          },
          {
            "command": "ynw.createSameNameFile",
            "group": "a1@3"
          },
          {
            "command": "ynw.webpackBuild.dev",
            "when": "resourceExtname =~ /jsx?/",
            "group": "ynw-c@1"
          },
          {
            "command": "ynw.webpackBuild.hot",
            "when": "resourceExtname =~ /jsx?/",
            "group": "ynw-c@2"
          },
          {
            "command": "ynw.webpackBuild.pro",
            "when": "resourceExtname =~ /jsx?/",
            "group": "ynw-c@3"
          }
        ]
      },
      "snippets": [
        {
          "language": "html",
          "path": "./snippets/html.json"
        },
        {
          "language": "vue",
          "path": "./snippets/vue-template.json"
        },
        {
          "language": "javascript",
          "path": "./snippets/javascript.json"
        },
        {
          "language": "javascript",
          "path": "./snippets/ynw.json"
        },
        {
          "language": "javascript",
          "path": "./snippets/ynw-vue.json"
        },
        {
          "language": "javascriptreact",
          "path": "./snippets/ynw.json"
        },
        {
          "language": "javascriptreact",
          "path": "./snippets/react.json"
        },
        {
          "language": "javascriptreact",
          "path": "./snippets/react-native.json"
        },
        {
          "language": "javascriptreact",
          "path": "./snippets/javascript.json"
        },
        {
          "language": "javascriptreact",
          "path": "./snippets/antd.json"
        },
        {
          "language": "javascriptreact",
          "path": "./snippets/express.json"
        }
      ]
    },
    "scripts": {
      "snip": "node _script/snip",
      "postinstall": "node ./node_modules/vscode/bin/install",
      "test": "node ./node_modules/vscode/bin/test"
    },
    "devDependencies": {
      "typescript": "^2.6.1",
      "vscode": "^1.1.21",
      "eslint": "^4.11.0",
      "@types/node": "^8.10.25"
    },
    "dependencies": {
      "copy-paste": "^1.3.0"
    }
  }

yarn manifest: 
  No manifest

Lockfile: 
  No lockfile
